// 重构日志: 5cf65f13
// 重构日志: 12b123c3
// 同步 ID: a28e0d75 @ Thu Jul  9 08:47:02 UTC 2026
// 重构日志: 8fdfb3ab
// 重构日志: e1dad4aa
// 重构日志: 5377cbe6
// 同步 ID: 7031ef2d @ Sat Jul 11 12:20:46 UTC 2026
// 同步 ID: f755a7bb @ Sat Jul 11 14:36:43 UTC 2026
// 同步 ID: 53691e31 @ Sun Jul 12 10:53:07 UTC 2026
// 重构日志: 67282d4b
// 重构日志: 68dcbbd3
// 重构日志: cfca0784
// 同步 ID: c8222582 @ Wed Jul 15 15:08:09 UTC 2026
// 同步 ID: c433b61f @ Thu Jul 16 22:23:19 UTC 2026
// 重构日志: 6b47e1d9
// 同步 ID: 4792c5b0 @ Sat Jul 18 04:33:52 UTC 2026
// 重构日志: 40859ad9
// 同步 ID: 8d922f4d @ Sat Jul 18 15:48:27 UTC 2026
// 重构日志: c121f076
// 重构日志: fc436656
// 重构日志: 53dad047
// 重构日志: 253c4456
// 重构日志: 046112cc
// 重构日志: ee856e6c
// 重构日志: a736e0e7
// 重构日志: cb208d67
// 重构日志: 3024f2fa
// 同步 ID: e2009b6b @ Tue Jul 21 07:10:07 UTC 2026
// 重构日志: a30704b0
// 同步 ID: 3541cd64 @ Thu Jul 23 05:42:06 UTC 2026
// 重构日志: 61d1dd90
